C51 COMPILER V9.01   A                                                                     12/12/2019 18:00:16 PAGE 1   


C51 COMPILER V9.01, COMPILATION OF MODULE A
OBJECT MODULE PLACED IN a.OBJ
COMPILER INVOKED BY: D:\keil4\C51\BIN\C51.EXE a.c BROWSE DEBUG OBJECTEXTEND

line level    source

   1                                                  #include<reg51.h>
   2                                                  #include"keybord.h"
*** ERROR C202 IN LINE 30 OF KEYBORD.H: 'uchar': undefined identifier
*** ERROR C141 IN LINE 30 OF KEYBORD.H: syntax error near 'key'
*** ERROR C202 IN LINE 31 OF KEYBORD.H: 'key': undefined identifier
*** ERROR C202 IN LINE 33 OF KEYBORD.H: 'key': undefined identifier
*** ERROR C202 IN LINE 35 OF KEYBORD.H: 'isArriving': undefined identifier
*** ERROR C202 IN LINE 36 OF KEYBORD.H: 'isArriving': undefined identifier
*** ERROR C202 IN LINE 37 OF KEYBORD.H: 'isArriving': undefined identifier
*** ERROR C202 IN LINE 38 OF KEYBORD.H: 'isArriving': undefined identifier
*** ERROR C202 IN LINE 39 OF KEYBORD.H: 'isArriving': undefined identifier
*** ERROR C202 IN LINE 40 OF KEYBORD.H: 'isArriving': undefined identifier
*** ERROR C202 IN LINE 41 OF KEYBORD.H: 'isArriving': undefined identifier
*** ERROR C202 IN LINE 42 OF KEYBORD.H: 'isArriving': undefined identifier
*** ERROR C202 IN LINE 43 OF KEYBORD.H: 'isArriving': undefined identifier
*** ERROR C202 IN LINE 44 OF KEYBORD.H: 'isArriving': undefined identifier
*** ERROR C202 IN LINE 45 OF KEYBORD.H: 'isArriving': undefined identifier
*** ERROR C202 IN LINE 46 OF KEYBORD.H: 'isArriving': undefined identifier
*** ERROR C202 IN LINE 47 OF KEYBORD.H: 'isArriving': undefined identifier
*** ERROR C202 IN LINE 48 OF KEYBORD.H: 'isArriving': undefined identifier
*** ERROR C202 IN LINE 49 OF KEYBORD.H: 'isArriving': undefined identifier
*** ERROR C202 IN LINE 50 OF KEYBORD.H: 'isArriving': undefined identifier
   3                                                  #include<intrins.h>
   4                                                  sbit a=P3^2;
   5                                                   void delay()
   6                                                   {
   7   1                                               int i=0;
   8   1                                               for(i=0;i<255;i++)
   9   1                                               for(i=0;i<255;i++);
  10   1                                               }
  11                                                  void main()
  12                                                  {       
  13   1                                              unsigned char m;
  14   1                                      
  15   1      
  16   1                                      
  17   1                                              }

C51 COMPILATION COMPLETE.  0 WARNING(S),  20 ERROR(S)
